<?xml version="1.0" encoding="UTF-8"?>
<!-- Generated by org.testng.reporters.JUnitReportReporter -->
<testsuite skipped="0" hostname="FIS-210" name="fawry.sofAutomation.testsActions.lookupDefinitions.SearchBillerTest" tests="4" failures="0" timestamp="26 Aug 2020 23:29:57 GMT" time="10.253" errors="0">
  <testcase name="searchBillerDetails" time="1.882" classname="fawry.sofAutomation.testsActions.lookupDefinitions.SearchBillerTest"/>
  <testcase name="searchBillerDetails" time="2.511" classname="fawry.sofAutomation.testsActions.lookupDefinitions.SearchBillerTest"/>
  <testcase name="searchBillerDetails" time="4.309" classname="fawry.sofAutomation.testsActions.lookupDefinitions.SearchBillerTest"/>
  <testcase name="searchBillerDetails" time="1.551" classname="fawry.sofAutomation.testsActions.lookupDefinitions.SearchBillerTest"/>
</testsuite> <!-- fawry.sofAutomation.testsActions.lookupDefinitions.SearchBillerTest -->
