<?xml version="1.0" encoding="UTF-8"?>
<!-- Generated by org.testng.reporters.JUnitReportReporter -->
<testsuite skipped="0" hostname="FIS-210" name="fawry.sofAutomation.testsActions.acquirerMerchants.SearchMerchantTest" tests="2" failures="0" timestamp="26 Jul 2020 20:45:11 GMT" time="10.607" errors="0">
  <testcase name="SearchMerchantData" time="5.619" classname="fawry.sofAutomation.testsActions.acquirerMerchants.SearchMerchantTest"/>
  <testcase name="SearchMerchantData" time="4.988" classname="fawry.sofAutomation.testsActions.acquirerMerchants.SearchMerchantTest"/>
</testsuite> <!-- fawry.sofAutomation.testsActions.acquirerMerchants.SearchMerchantTest -->
