<?xml version="1.0" encoding="UTF-8"?>
<!-- Generated by org.testng.reporters.JUnitReportReporter -->
<testsuite skipped="0" hostname="FIS-210" name="fawry.sofAutomation.testsActions.lookupDefinitions.AddBillerTest" tests="4" failures="0" timestamp="26 Aug 2020 22:43:50 GMT" time="9.128" errors="0">
  <testcase name="AddBillerDetails" time="3.405" classname="fawry.sofAutomation.testsActions.lookupDefinitions.AddBillerTest"/>
  <testcase name="AddBillerDetails" time="1.947" classname="fawry.sofAutomation.testsActions.lookupDefinitions.AddBillerTest"/>
  <testcase name="AddBillerDetails" time="1.967" classname="fawry.sofAutomation.testsActions.lookupDefinitions.AddBillerTest"/>
  <testcase name="AddBillerDetails" time="1.809" classname="fawry.sofAutomation.testsActions.lookupDefinitions.AddBillerTest"/>
</testsuite> <!-- fawry.sofAutomation.testsActions.lookupDefinitions.AddBillerTest -->
