<?xml version="1.0" encoding="UTF-8"?>
<!-- Generated by org.testng.reporters.JUnitReportReporter -->
<testsuite skipped="1" hostname="FIS-210" name="fawry.sofAutomation.testsActions.lookupDefinitions.AddCSPTest" tests="1" failures="0" timestamp="22 Aug 2020 23:11:17 GMT" time="0.000" errors="0">
  <testcase name="AddCSPDetails" time="0.000" classname="fawry.sofAutomation.testsActions.lookupDefinitions.AddCSPTest">
    <skipped/>
  </testcase> <!-- AddCSPDetails -->
</testsuite> <!-- fawry.sofAutomation.testsActions.lookupDefinitions.AddCSPTest -->
