<?xml version="1.0" encoding="UTF-8"?>
<!-- Generated by org.testng.reporters.JUnitReportReporter -->
<testsuite skipped="0" hostname="FIS-210" name="fawry.sofAutomation.testsActions.lookupDefinitions.AddGenericLookupTest" tests="5" failures="0" timestamp="02 Sep 2020 23:56:36 GMT" time="20.087" errors="0">
  <testcase name="AddGenLookupDetails" time="8.567" classname="fawry.sofAutomation.testsActions.lookupDefinitions.AddGenericLookupTest"/>
  <testcase name="AddGenLookupDetails" time="3.293" classname="fawry.sofAutomation.testsActions.lookupDefinitions.AddGenericLookupTest"/>
  <testcase name="AddGenLookupDetails" time="3.311" classname="fawry.sofAutomation.testsActions.lookupDefinitions.AddGenericLookupTest"/>
  <testcase name="AddGenLookupDetails" time="1.381" classname="fawry.sofAutomation.testsActions.lookupDefinitions.AddGenericLookupTest"/>
  <testcase name="AddGenLookupDetails" time="3.535" classname="fawry.sofAutomation.testsActions.lookupDefinitions.AddGenericLookupTest"/>
</testsuite> <!-- fawry.sofAutomation.testsActions.lookupDefinitions.AddGenericLookupTest -->
