<?xml version="1.0" encoding="UTF-8"?>
<!-- Generated by org.testng.reporters.JUnitReportReporter -->
<testsuite skipped="0" hostname="FIS-210" name="fawry.sofAutomation.testsActions.lookupDefinitions.SearchCSPTest" tests="2" failures="0" timestamp="24 Aug 2020 20:49:41 GMT" time="8.541" errors="0">
  <testcase name="SearchCSPDetails" time="6.557" classname="fawry.sofAutomation.testsActions.lookupDefinitions.SearchCSPTest"/>
  <testcase name="SearchCSPDetails" time="1.984" classname="fawry.sofAutomation.testsActions.lookupDefinitions.SearchCSPTest"/>
</testsuite> <!-- fawry.sofAutomation.testsActions.lookupDefinitions.SearchCSPTest -->
