<?xml version="1.0" encoding="UTF-8"?>
<!-- Generated by org.testng.reporters.JUnitReportReporter -->
<testsuite skipped="0" hostname="FIS-210" name="fawry.sofAutomation.testsActions.lookupDefinitions.AddFinanceProgramTypeTest" tests="6" failures="0" timestamp="31 Aug 2020 00:06:26 GMT" time="12.302" errors="0">
  <testcase name="AddfinanceprogramDetails" time="1.679" classname="fawry.sofAutomation.testsActions.lookupDefinitions.AddFinanceProgramTypeTest"/>
  <testcase name="AddfinanceprogramDetails" time="2.956" classname="fawry.sofAutomation.testsActions.lookupDefinitions.AddFinanceProgramTypeTest"/>
  <testcase name="AddfinanceprogramDetails" time="1.985" classname="fawry.sofAutomation.testsActions.lookupDefinitions.AddFinanceProgramTypeTest"/>
  <testcase name="AddfinanceprogramDetails" time="2.248" classname="fawry.sofAutomation.testsActions.lookupDefinitions.AddFinanceProgramTypeTest"/>
  <testcase name="AddfinanceprogramDetails" time="1.922" classname="fawry.sofAutomation.testsActions.lookupDefinitions.AddFinanceProgramTypeTest"/>
  <testcase name="AddfinanceprogramDetails" time="1.512" classname="fawry.sofAutomation.testsActions.lookupDefinitions.AddFinanceProgramTypeTest"/>
</testsuite> <!-- fawry.sofAutomation.testsActions.lookupDefinitions.AddFinanceProgramTypeTest -->
