<?xml version="1.0" encoding="UTF-8"?>
<!-- Generated by org.testng.reporters.JUnitReportReporter -->
<testsuite skipped="0" hostname="FIS-210" name="fawry.sofAutomation.testsActions.acquirerMerchants.AddAcquirereMerchantTest" tests="3" failures="0" timestamp="21 Jul 2020 23:28:57 GMT" time="58.392" errors="0">
  <testcase name="AddAcquirerDetails" time="16.711" classname="fawry.sofAutomation.testsActions.acquirerMerchants.AddAcquirereMerchantTest"/>
  <testcase name="AddAcquirerDetails" time="20.329" classname="fawry.sofAutomation.testsActions.acquirerMerchants.AddAcquirereMerchantTest"/>
  <testcase name="AddAcquirerDetails" time="21.352" classname="fawry.sofAutomation.testsActions.acquirerMerchants.AddAcquirereMerchantTest"/>
</testsuite> <!-- fawry.sofAutomation.testsActions.acquirerMerchants.AddAcquirereMerchantTest -->
