<?xml version="1.0" encoding="UTF-8"?>
<!-- Generated by org.testng.reporters.JUnitReportReporter -->
<testsuite skipped="0" hostname="FIS-210" name="fawry.sofAutomation.testsActions.lookupDefinitions.SearchCustomerProfileTest" tests="4" failures="0" timestamp="26 Aug 2020 21:41:53 GMT" time="14.392" errors="0">
  <testcase name="searchCustomerProfileDetails" time="3.137" classname="fawry.sofAutomation.testsActions.lookupDefinitions.SearchCustomerProfileTest"/>
  <testcase name="searchCustomerProfileDetails" time="2.712" classname="fawry.sofAutomation.testsActions.lookupDefinitions.SearchCustomerProfileTest"/>
  <testcase name="searchCustomerProfileDetails" time="3.196" classname="fawry.sofAutomation.testsActions.lookupDefinitions.SearchCustomerProfileTest"/>
  <testcase name="searchCustomerProfileDetails" time="5.347" classname="fawry.sofAutomation.testsActions.lookupDefinitions.SearchCustomerProfileTest"/>
</testsuite> <!-- fawry.sofAutomation.testsActions.lookupDefinitions.SearchCustomerProfileTest -->
