<?xml version="1.0" encoding="UTF-8"?>
<!-- Generated by org.testng.reporters.JUnitReportReporter -->
<testsuite skipped="0" hostname="FIS-210" name="fawry.sofAutomation.testsActions.lookupDefinitions.SearchPSPTest" tests="2" failures="0" timestamp="24 Aug 2020 11:44:28 GMT" time="8.178" errors="0">
  <testcase name="searchPSPDetails" time="1.920" classname="fawry.sofAutomation.testsActions.lookupDefinitions.SearchPSPTest"/>
  <testcase name="searchPSPDetails" time="6.258" classname="fawry.sofAutomation.testsActions.lookupDefinitions.SearchPSPTest"/>
</testsuite> <!-- fawry.sofAutomation.testsActions.lookupDefinitions.SearchPSPTest -->
