<?xml version="1.0" encoding="UTF-8"?>
<!-- Generated by org.testng.reporters.JUnitReportReporter -->
<testsuite skipped="0" hostname="FIS-210" name="fawry.sofAutomation.testsActions.lookupDefinitions.SearchFinanceProgramTypeTest" tests="2" failures="0" timestamp="31 Aug 2020 23:26:56 GMT" time="7.323" errors="0">
  <testcase name="searchFinanceProgramType" time="2.851" classname="fawry.sofAutomation.testsActions.lookupDefinitions.SearchFinanceProgramTypeTest"/>
  <testcase name="searchFinanceProgramType" time="4.472" classname="fawry.sofAutomation.testsActions.lookupDefinitions.SearchFinanceProgramTypeTest"/>
</testsuite> <!-- fawry.sofAutomation.testsActions.lookupDefinitions.SearchFinanceProgramTypeTest -->
