<?xml version="1.0" encoding="UTF-8"?>
<!-- Generated by org.testng.reporters.JUnitReportReporter -->
<testsuite skipped="0" hostname="FIS-210" name="fawry.sofAutomation.testsActions.lookupDefinitions.ManageAccountTypeProfileTest" tests="2" failures="0" timestamp="19 Sep 2020 12:37:16 GMT" time="6.900" errors="0">
  <testcase name="ManageAccountTypeProfileDetails" time="5.399" classname="fawry.sofAutomation.testsActions.lookupDefinitions.ManageAccountTypeProfileTest"/>
  <testcase name="ManageAccountTypeProfileDetails" time="1.501" classname="fawry.sofAutomation.testsActions.lookupDefinitions.ManageAccountTypeProfileTest"/>
</testsuite> <!-- fawry.sofAutomation.testsActions.lookupDefinitions.ManageAccountTypeProfileTest -->
